2009.08.10 17:21 B W:\QA\applicantstatus\faq\images\GlobalElements\calendar2.gif <-- westie /applicantstatus/faq/images/GlobalElements calendar2.gif
2009.08.10 17:21 B W:\QA\applicantstatus\faq\images\GlobalElements\directory2.gif <-- westie /applicantstatus/faq/images/GlobalElements directory2.gif
2009.08.10 17:21 B W:\QA\applicantstatus\faq\images\GlobalElements\gosolar2.gif <-- westie /applicantstatus/faq/images/GlobalElements gosolar2.gif
2009.08.10 17:21 B W:\QA\applicantstatus\faq\images\GlobalElements\index2.gif <-- westie /applicantstatus/faq/images/GlobalElements index2.gif
2009.08.10 17:21 B W:\QA\applicantstatus\faq\images\GlobalElements\map2.gif <-- westie /applicantstatus/faq/images/GlobalElements map2.gif
2009.08.10 17:21 B W:\QA\applicantstatus\faq\images\GlobalElements\webct2.gif <-- westie /applicantstatus/faq/images/GlobalElements webct2.gif
2009.08.10 17:21 B W:\QA\applicantstatus\faq\images\GlobalElements\webmail2.gif <-- westie /applicantstatus/faq/images/GlobalElements webmail2.gif
2009.10.29 16:04 B W:\QA\applicantstatusNEW\faq\images\GlobalElements\calendar2.gif --> westie.gsu.edu /applicantstatusNEW/faq/images/GlobalElements calendar2.gif
2009.10.29 16:04 B W:\QA\applicantstatusNEW\faq\images\GlobalElements\directory2.gif --> westie.gsu.edu /applicantstatusNEW/faq/images/GlobalElements directory2.gif
2009.10.29 16:04 B W:\QA\applicantstatusNEW\faq\images\GlobalElements\gosolar2.gif --> westie.gsu.edu /applicantstatusNEW/faq/images/GlobalElements gosolar2.gif
2009.10.29 16:04 B W:\QA\applicantstatusNEW\faq\images\GlobalElements\index2.gif --> westie.gsu.edu /applicantstatusNEW/faq/images/GlobalElements index2.gif
2009.10.29 16:04 B W:\QA\applicantstatusNEW\faq\images\GlobalElements\map2.gif --> westie.gsu.edu /applicantstatusNEW/faq/images/GlobalElements map2.gif
2009.10.29 16:04 B W:\QA\applicantstatusNEW\faq\images\GlobalElements\webct2.gif --> westie.gsu.edu /applicantstatusNEW/faq/images/GlobalElements webct2.gif
2009.10.29 16:04 B W:\QA\applicantstatusNEW\faq\images\GlobalElements\webmail2.gif --> westie.gsu.edu /applicantstatusNEW/faq/images/GlobalElements webmail2.gif
2010.02.04 13:29 B W:\QA\applicantstatus\faq\images\GlobalElements\WS_FTP.LOG <-- westie /applicantstatus/faq/images/GlobalElements WS_FTP.LOG
2010.04.01 16:09 B W:\QA\applicantstatusNEW\faq\images\GlobalElements\calendar2.gif --> westie.gsu.edu /applicantstatusNEW/faq/images/GlobalElements calendar2.gif
2010.04.01 16:09 B W:\QA\applicantstatusNEW\faq\images\GlobalElements\directory2.gif --> westie.gsu.edu /applicantstatusNEW/faq/images/GlobalElements directory2.gif
2010.04.01 16:09 B W:\QA\applicantstatusNEW\faq\images\GlobalElements\gosolar2.gif --> westie.gsu.edu /applicantstatusNEW/faq/images/GlobalElements gosolar2.gif
2010.04.01 16:09 B W:\QA\applicantstatusNEW\faq\images\GlobalElements\index2.gif --> westie.gsu.edu /applicantstatusNEW/faq/images/GlobalElements index2.gif
2010.04.01 16:09 B W:\QA\applicantstatusNEW\faq\images\GlobalElements\map2.gif --> westie.gsu.edu /applicantstatusNEW/faq/images/GlobalElements map2.gif
2010.04.01 16:09 B W:\QA\applicantstatusNEW\faq\images\GlobalElements\webct2.gif --> westie.gsu.edu /applicantstatusNEW/faq/images/GlobalElements webct2.gif
2010.04.01 16:09 B W:\QA\applicantstatusNEW\faq\images\GlobalElements\webmail2.gif --> westie.gsu.edu /applicantstatusNEW/faq/images/GlobalElements webmail2.gif
2010.05.13 13:38 B W:\QA\applicantstatus\faq\images\GlobalElements\WS_FTP.LOG <-- westie /applicantstatus/faq/images/GlobalElements WS_FTP.LOG
2010.06.02 16:18 B W:\applicantstatusNEW\faq\images\GlobalElements\calendar2.gif --> westie.gsu.edu /applicantstatusNEW/faq/images/GlobalElements calendar2.gif
2010.06.02 16:18 B W:\applicantstatusNEW\faq\images\GlobalElements\directory2.gif --> westie.gsu.edu /applicantstatusNEW/faq/images/GlobalElements directory2.gif
2010.06.02 16:18 B W:\applicantstatusNEW\faq\images\GlobalElements\gosolar2.gif --> westie.gsu.edu /applicantstatusNEW/faq/images/GlobalElements gosolar2.gif
2010.06.02 16:18 B W:\applicantstatusNEW\faq\images\GlobalElements\index2.gif --> westie.gsu.edu /applicantstatusNEW/faq/images/GlobalElements index2.gif
2010.06.02 16:18 B W:\applicantstatusNEW\faq\images\GlobalElements\map2.gif --> westie.gsu.edu /applicantstatusNEW/faq/images/GlobalElements map2.gif
2010.06.02 16:18 B W:\applicantstatusNEW\faq\images\GlobalElements\webct2.gif --> westie.gsu.edu /applicantstatusNEW/faq/images/GlobalElements webct2.gif
2010.06.02 16:18 B W:\applicantstatusNEW\faq\images\GlobalElements\webmail2.gif --> westie.gsu.edu /applicantstatusNEW/faq/images/GlobalElements webmail2.gif
2010.09.28 12:55 B W:\QA\applicantstatus\faq\images\GlobalElements\WS_FTP.LOG <-- westie /applicantstatus/faq/images/GlobalElements WS_FTP.LOG
