2009.08.10 17:21 B W:\QA\applicantstatus\applicantStatus.cfc <-- westie /applicantstatus applicantStatus.cfc
2009.08.10 17:21 B W:\QA\applicantstatus\counselor_registration_form.cfm <-- westie /applicantstatus counselor_registration_form.cfm
2009.08.10 17:21 B W:\QA\applicantstatus\hsguidance_dev.mdb <-- westie /applicantstatus hsguidance_dev.mdb
2009.08.10 17:21 B W:\QA\applicantstatus\hsguidance_dev062209.mdb <-- westie /applicantstatus hsguidance_dev062209.mdb
2009.08.10 17:21 B W:\QA\applicantstatus\hsguidance_devCURRENT.mdb <-- westie /applicantstatus hsguidance_devCURRENT.mdb
2009.08.10 17:21 B W:\QA\applicantstatus\index.cfm <-- westie /applicantstatus index.cfm
2009.08.10 17:21 B W:\QA\applicantstatus\logout.html <-- westie /applicantstatus logout.html
2009.08.10 17:21 B W:\QA\applicantstatus\makeChanges.cfm <-- westie /applicantstatus makeChanges.cfm
2009.08.10 17:21 B W:\QA\applicantstatus\testregistrationform.cfm <-- westie /applicantstatus testregistrationform.cfm
2009.10.21 10:30 B W:\QA\applicantstatus\applicantStatus.cfc <-- westie /applicantstatus applicantStatus.cfc
2009.10.21 10:30 B W:\QA\applicantstatus\hsguidance_dev.mdb <-- westie /applicantstatus hsguidance_dev.mdb
2009.10.21 10:30 B W:\QA\applicantstatus\index.cfm <-- westie /applicantstatus index.cfm
2009.10.29 16:04 B W:\QA\applicantstatusNEW\applicantStatus.cfc --> westie.gsu.edu /applicantstatusNEW applicantStatus.cfc
2009.10.29 16:04 B W:\QA\applicantstatusNEW\counselor_registration_form.cfm --> westie.gsu.edu /applicantstatusNEW counselor_registration_form.cfm
2009.10.29 16:04 B W:\QA\applicantstatusNEW\hsguidance_dev.mdb --> westie.gsu.edu /applicantstatusNEW hsguidance_dev.mdb
2009.10.29 16:04 B W:\QA\applicantstatusNEW\hsguidance_dev062209.mdb --> westie.gsu.edu /applicantstatusNEW hsguidance_dev062209.mdb
2009.10.29 16:04 B W:\QA\applicantstatusNEW\hsguidance_devCURRENT.mdb --> westie.gsu.edu /applicantstatusNEW hsguidance_devCURRENT.mdb
2009.10.29 16:04 B W:\QA\applicantstatusNEW\index.cfm --> westie.gsu.edu /applicantstatusNEW index.cfm
2009.10.29 16:04 B W:\QA\applicantstatusNEW\logout.html --> westie.gsu.edu /applicantstatusNEW logout.html
2009.10.29 16:04 B W:\QA\applicantstatusNEW\makeChanges.cfm --> westie.gsu.edu /applicantstatusNEW makeChanges.cfm
2009.10.29 16:04 B W:\QA\applicantstatusNEW\testregistrationform.cfm --> westie.gsu.edu /applicantstatusNEW testregistrationform.cfm
2010.02.04 13:29 B W:\QA\applicantstatus\WS_FTP.LOG <-- westie /applicantstatus WS_FTP.LOG
2010.03.25 09:30 B W:\QA\applicantstatus\applicantStatus.cfc <-- westie /applicantstatus applicantStatus.cfc
2010.03.25 09:30 B W:\QA\applicantstatus\counselor_registration_form.cfm <-- westie /applicantstatus counselor_registration_form.cfm
2010.03.25 09:30 B W:\QA\applicantstatus\hsguidance_dev.mdb <-- westie /applicantstatus hsguidance_dev.mdb
2010.03.25 09:31 B W:\QA\applicantstatus\applicantStatus.cfc <-- westie /applicantstatus applicantStatus.cfc
2010.03.25 09:31 B W:\QA\applicantstatus\counselor_registration_form.cfm <-- westie /applicantstatus counselor_registration_form.cfm
2010.03.25 09:31 B W:\QA\applicantstatus\hsguidance_dev.mdb <-- westie /applicantstatus hsguidance_dev.mdb
2010.03.25 09:31 B W:\QA\applicantstatus\hsguidance_dev062209.mdb <-- westie /applicantstatus hsguidance_dev062209.mdb
2010.03.25 09:31 B W:\QA\applicantstatus\hsguidance_devCURRENT.mdb <-- westie /applicantstatus hsguidance_devCURRENT.mdb
2010.03.25 09:31 B W:\QA\applicantstatus\index.cfm <-- westie /applicantstatus index.cfm
2010.03.25 09:31 B W:\QA\applicantstatus\logout.html <-- westie /applicantstatus logout.html
2010.03.25 09:31 B W:\QA\applicantstatus\makeChanges.cfm <-- westie /applicantstatus makeChanges.cfm
2010.03.25 09:31 B W:\QA\applicantstatus\testregistrationform.cfm <-- westie /applicantstatus testregistrationform.cfm
2010.04.01 09:06 B W:\QA\applicantstatus\applicantStatus.cfc <-- westie /applicantstatus applicantStatus.cfc
2010.04.01 09:06 B W:\QA\applicantstatus\counselor_registration_form.cfm <-- westie /applicantstatus counselor_registration_form.cfm
2010.04.01 09:06 B W:\QA\applicantstatus\hsguidance03252010.cfc <-- westie /applicantstatus hsguidance03252010.cfc
2010.04.01 09:06 B W:\QA\applicantstatus\hsguidance_dev.mdb <-- westie /applicantstatus hsguidance_dev.mdb
2010.04.01 09:06 B W:\QA\applicantstatus\hsguidance_dev062209.mdb <-- westie /applicantstatus hsguidance_dev062209.mdb
2010.04.01 09:06 B W:\QA\applicantstatus\hsguidance_devCURRENT.mdb <-- westie /applicantstatus hsguidance_devCURRENT.mdb
2010.04.01 09:06 B W:\QA\applicantstatus\index.cfm <-- westie /applicantstatus index.cfm
2010.04.01 09:06 B W:\QA\applicantstatus\logout.html <-- westie /applicantstatus logout.html
2010.04.01 09:06 B W:\QA\applicantstatus\makeChanges.cfm <-- westie /applicantstatus makeChanges.cfm
2010.04.01 09:06 B W:\QA\applicantstatus\testregistrationform.cfm <-- westie /applicantstatus testregistrationform.cfm
2010.04.01 16:09 B W:\QA\applicantstatusNEW\applicantStatus.cfc --> westie.gsu.edu /applicantstatusNEW applicantStatus.cfc
2010.04.01 16:09 B W:\QA\applicantstatusNEW\counselor_registration_form.cfm --> westie.gsu.edu /applicantstatusNEW counselor_registration_form.cfm
2010.04.01 16:09 B W:\QA\applicantstatusNEW\hsguidance03252010.cfc --> westie.gsu.edu /applicantstatusNEW hsguidance03252010.cfc
2010.04.01 16:09 B W:\QA\applicantstatusNEW\hsguidance_dev.mdb --> westie.gsu.edu /applicantstatusNEW hsguidance_dev.mdb
2010.04.01 16:09 B W:\QA\applicantstatusNEW\hsguidance_dev062209.mdb --> westie.gsu.edu /applicantstatusNEW hsguidance_dev062209.mdb
2010.04.01 16:09 B W:\QA\applicantstatusNEW\hsguidance_devCURRENT.mdb --> westie.gsu.edu /applicantstatusNEW hsguidance_devCURRENT.mdb
2010.04.01 16:09 B W:\QA\applicantstatusNEW\index.cfm --> westie.gsu.edu /applicantstatusNEW index.cfm
2010.04.01 16:09 B W:\QA\applicantstatusNEW\logout.html --> westie.gsu.edu /applicantstatusNEW logout.html
2010.04.01 16:09 B W:\QA\applicantstatusNEW\makeChanges.cfm --> westie.gsu.edu /applicantstatusNEW makeChanges.cfm
2010.04.01 16:09 B W:\QA\applicantstatusNEW\testregistrationform.cfm --> westie.gsu.edu /applicantstatusNEW testregistrationform.cfm
2010.05.13 13:38 B W:\QA\applicantstatus\WS_FTP.LOG <-- westie /applicantstatus WS_FTP.LOG
2010.06.02 16:19 B W:\applicantstatusNEW\applicantStatus.cfc --> westie.gsu.edu /applicantstatusNEW applicantStatus.cfc
2010.06.02 16:19 B W:\applicantstatusNEW\counselor_registration_form.cfm --> westie.gsu.edu /applicantstatusNEW counselor_registration_form.cfm
2010.06.02 16:19 B W:\applicantstatusNEW\hsguidance03252010.cfc --> westie.gsu.edu /applicantstatusNEW hsguidance03252010.cfc
2010.06.02 16:19 B W:\applicantstatusNEW\hsguidance_dev.mdb --> westie.gsu.edu /applicantstatusNEW hsguidance_dev.mdb
2010.06.02 16:19 B W:\applicantstatusNEW\hsguidance_dev062209.mdb --> westie.gsu.edu /applicantstatusNEW hsguidance_dev062209.mdb
2010.06.02 16:19 B W:\applicantstatusNEW\hsguidance_devCURRENT.mdb --> westie.gsu.edu /applicantstatusNEW hsguidance_devCURRENT.mdb
2010.06.02 16:19 B W:\applicantstatusNEW\index.cfm --> westie.gsu.edu /applicantstatusNEW index.cfm
2010.06.02 16:19 B W:\applicantstatusNEW\logout.html --> westie.gsu.edu /applicantstatusNEW logout.html
2010.06.02 16:19 B W:\applicantstatusNEW\makeChanges.cfm --> westie.gsu.edu /applicantstatusNEW makeChanges.cfm
2010.06.02 16:19 B W:\applicantstatusNEW\testregistrationform.cfm --> westie.gsu.edu /applicantstatusNEW testregistrationform.cfm
