2009.08.10 17:21 B W:\QA\applicantstatus\faq\images\button-visit_rdax_180x39.gif <-- westie /applicantstatus/faq/images button-visit_rdax_180x39.gif
2009.08.10 17:21 B W:\QA\applicantstatus\faq\images\calendar.jpg <-- westie /applicantstatus/faq/images calendar.jpg
2009.08.10 17:21 B W:\QA\applicantstatus\faq\images\calendar2.jpg <-- westie /applicantstatus/faq/images calendar2.jpg
2009.08.10 17:21 B W:\QA\applicantstatus\faq\images\directory.jpg <-- westie /applicantstatus/faq/images directory.jpg
2009.08.10 17:21 B W:\QA\applicantstatus\faq\images\directory2.jpg <-- westie /applicantstatus/faq/images directory2.jpg
2009.08.10 17:21 B W:\QA\applicantstatus\faq\images\gosolar.jpg <-- westie /applicantstatus/faq/images gosolar.jpg
2009.08.10 17:21 B W:\QA\applicantstatus\faq\images\gosolar2.jpg <-- westie /applicantstatus/faq/images gosolar2.jpg
2009.08.10 17:21 B W:\QA\applicantstatus\faq\images\index.jpg <-- westie /applicantstatus/faq/images index.jpg
2009.08.10 17:21 B W:\QA\applicantstatus\faq\images\index2.jpg <-- westie /applicantstatus/faq/images index2.jpg
2009.08.10 17:21 B W:\QA\applicantstatus\faq\images\libraries1-core.gif <-- westie /applicantstatus/faq/images libraries1-core.gif
2009.08.10 17:21 B W:\QA\applicantstatus\faq\images\libraries2-core.gif <-- westie /applicantstatus/faq/images libraries2-core.gif
2009.08.10 17:21 B W:\QA\applicantstatus\faq\images\map.jpg <-- westie /applicantstatus/faq/images map.jpg
2009.08.10 17:21 B W:\QA\applicantstatus\faq\images\map2.jpg <-- westie /applicantstatus/faq/images map2.jpg
2009.08.10 17:21 B W:\QA\applicantstatus\faq\images\PAWS.jpg <-- westie /applicantstatus/faq/images PAWS.jpg
2009.08.10 17:21 B W:\QA\applicantstatus\faq\images\PAWS2.jpg <-- westie /applicantstatus/faq/images PAWS2.jpg
2009.08.10 17:21 B W:\QA\applicantstatus\faq\images\webct.jpg <-- westie /applicantstatus/faq/images webct.jpg
2009.08.10 17:21 B W:\QA\applicantstatus\faq\images\webct2.jpg <-- westie /applicantstatus/faq/images webct2.jpg
2009.08.10 17:21 B W:\QA\applicantstatus\faq\images\webmail.jpg <-- westie /applicantstatus/faq/images webmail.jpg
2009.08.10 17:21 B W:\QA\applicantstatus\faq\images\webmail2.jpg <-- westie /applicantstatus/faq/images webmail2.jpg
2009.10.29 16:04 B W:\QA\applicantstatusNEW\faq\images\button-visit_rdax_180x39.gif --> westie.gsu.edu /applicantstatusNEW/faq/images button-visit_rdax_180x39.gif
2009.10.29 16:04 B W:\QA\applicantstatusNEW\faq\images\calendar.jpg --> westie.gsu.edu /applicantstatusNEW/faq/images calendar.jpg
2009.10.29 16:04 B W:\QA\applicantstatusNEW\faq\images\calendar2.jpg --> westie.gsu.edu /applicantstatusNEW/faq/images calendar2.jpg
2009.10.29 16:04 B W:\QA\applicantstatusNEW\faq\images\directory.jpg --> westie.gsu.edu /applicantstatusNEW/faq/images directory.jpg
2009.10.29 16:04 B W:\QA\applicantstatusNEW\faq\images\directory2.jpg --> westie.gsu.edu /applicantstatusNEW/faq/images directory2.jpg
2009.10.29 16:04 B W:\QA\applicantstatusNEW\faq\images\gosolar.jpg --> westie.gsu.edu /applicantstatusNEW/faq/images gosolar.jpg
2009.10.29 16:04 B W:\QA\applicantstatusNEW\faq\images\gosolar2.jpg --> westie.gsu.edu /applicantstatusNEW/faq/images gosolar2.jpg
2009.10.29 16:04 B W:\QA\applicantstatusNEW\faq\images\index.jpg --> westie.gsu.edu /applicantstatusNEW/faq/images index.jpg
2009.10.29 16:04 B W:\QA\applicantstatusNEW\faq\images\index2.jpg --> westie.gsu.edu /applicantstatusNEW/faq/images index2.jpg
2009.10.29 16:04 B W:\QA\applicantstatusNEW\faq\images\libraries1-core.gif --> westie.gsu.edu /applicantstatusNEW/faq/images libraries1-core.gif
2009.10.29 16:04 B W:\QA\applicantstatusNEW\faq\images\libraries2-core.gif --> westie.gsu.edu /applicantstatusNEW/faq/images libraries2-core.gif
2009.10.29 16:04 B W:\QA\applicantstatusNEW\faq\images\map.jpg --> westie.gsu.edu /applicantstatusNEW/faq/images map.jpg
2009.10.29 16:04 B W:\QA\applicantstatusNEW\faq\images\map2.jpg --> westie.gsu.edu /applicantstatusNEW/faq/images map2.jpg
2009.10.29 16:04 B W:\QA\applicantstatusNEW\faq\images\PAWS.jpg --> westie.gsu.edu /applicantstatusNEW/faq/images PAWS.jpg
2009.10.29 16:04 B W:\QA\applicantstatusNEW\faq\images\PAWS2.jpg --> westie.gsu.edu /applicantstatusNEW/faq/images PAWS2.jpg
2009.10.29 16:04 B W:\QA\applicantstatusNEW\faq\images\webct.jpg --> westie.gsu.edu /applicantstatusNEW/faq/images webct.jpg
2009.10.29 16:04 B W:\QA\applicantstatusNEW\faq\images\webct2.jpg --> westie.gsu.edu /applicantstatusNEW/faq/images webct2.jpg
2009.10.29 16:04 B W:\QA\applicantstatusNEW\faq\images\webmail.jpg --> westie.gsu.edu /applicantstatusNEW/faq/images webmail.jpg
2009.10.29 16:04 B W:\QA\applicantstatusNEW\faq\images\webmail2.jpg --> westie.gsu.edu /applicantstatusNEW/faq/images webmail2.jpg
2010.02.04 13:29 B W:\QA\applicantstatus\faq\images\WS_FTP.LOG <-- westie /applicantstatus/faq/images WS_FTP.LOG
2010.04.01 16:09 B W:\QA\applicantstatusNEW\faq\images\button-visit_rdax_180x39.gif --> westie.gsu.edu /applicantstatusNEW/faq/images button-visit_rdax_180x39.gif
2010.04.01 16:09 B W:\QA\applicantstatusNEW\faq\images\calendar.jpg --> westie.gsu.edu /applicantstatusNEW/faq/images calendar.jpg
2010.04.01 16:09 B W:\QA\applicantstatusNEW\faq\images\calendar2.jpg --> westie.gsu.edu /applicantstatusNEW/faq/images calendar2.jpg
2010.04.01 16:09 B W:\QA\applicantstatusNEW\faq\images\directory.jpg --> westie.gsu.edu /applicantstatusNEW/faq/images directory.jpg
2010.04.01 16:09 B W:\QA\applicantstatusNEW\faq\images\directory2.jpg --> westie.gsu.edu /applicantstatusNEW/faq/images directory2.jpg
2010.04.01 16:09 B W:\QA\applicantstatusNEW\faq\images\gosolar.jpg --> westie.gsu.edu /applicantstatusNEW/faq/images gosolar.jpg
2010.04.01 16:09 B W:\QA\applicantstatusNEW\faq\images\gosolar2.jpg --> westie.gsu.edu /applicantstatusNEW/faq/images gosolar2.jpg
2010.04.01 16:09 B W:\QA\applicantstatusNEW\faq\images\index.jpg --> westie.gsu.edu /applicantstatusNEW/faq/images index.jpg
2010.04.01 16:09 B W:\QA\applicantstatusNEW\faq\images\index2.jpg --> westie.gsu.edu /applicantstatusNEW/faq/images index2.jpg
2010.04.01 16:09 B W:\QA\applicantstatusNEW\faq\images\libraries1-core.gif --> westie.gsu.edu /applicantstatusNEW/faq/images libraries1-core.gif
2010.04.01 16:09 B W:\QA\applicantstatusNEW\faq\images\libraries2-core.gif --> westie.gsu.edu /applicantstatusNEW/faq/images libraries2-core.gif
2010.04.01 16:09 B W:\QA\applicantstatusNEW\faq\images\map.jpg --> westie.gsu.edu /applicantstatusNEW/faq/images map.jpg
2010.04.01 16:09 B W:\QA\applicantstatusNEW\faq\images\map2.jpg --> westie.gsu.edu /applicantstatusNEW/faq/images map2.jpg
2010.04.01 16:09 B W:\QA\applicantstatusNEW\faq\images\PAWS.jpg --> westie.gsu.edu /applicantstatusNEW/faq/images PAWS.jpg
2010.04.01 16:09 B W:\QA\applicantstatusNEW\faq\images\PAWS2.jpg --> westie.gsu.edu /applicantstatusNEW/faq/images PAWS2.jpg
2010.04.01 16:09 B W:\QA\applicantstatusNEW\faq\images\webct.jpg --> westie.gsu.edu /applicantstatusNEW/faq/images webct.jpg
2010.04.01 16:09 B W:\QA\applicantstatusNEW\faq\images\webct2.jpg --> westie.gsu.edu /applicantstatusNEW/faq/images webct2.jpg
2010.04.01 16:09 B W:\QA\applicantstatusNEW\faq\images\webmail.jpg --> westie.gsu.edu /applicantstatusNEW/faq/images webmail.jpg
2010.04.01 16:09 B W:\QA\applicantstatusNEW\faq\images\webmail2.jpg --> westie.gsu.edu /applicantstatusNEW/faq/images webmail2.jpg
2010.05.13 13:38 B W:\QA\applicantstatus\faq\images\WS_FTP.LOG <-- westie /applicantstatus/faq/images WS_FTP.LOG
2010.06.02 16:18 B W:\applicantstatusNEW\faq\images\button-visit_rdax_180x39.gif --> westie.gsu.edu /applicantstatusNEW/faq/images button-visit_rdax_180x39.gif
2010.06.02 16:18 B W:\applicantstatusNEW\faq\images\calendar.jpg --> westie.gsu.edu /applicantstatusNEW/faq/images calendar.jpg
2010.06.02 16:18 B W:\applicantstatusNEW\faq\images\calendar2.jpg --> westie.gsu.edu /applicantstatusNEW/faq/images calendar2.jpg
2010.06.02 16:18 B W:\applicantstatusNEW\faq\images\directory.jpg --> westie.gsu.edu /applicantstatusNEW/faq/images directory.jpg
2010.06.02 16:18 B W:\applicantstatusNEW\faq\images\directory2.jpg --> westie.gsu.edu /applicantstatusNEW/faq/images directory2.jpg
2010.06.02 16:18 B W:\applicantstatusNEW\faq\images\gosolar.jpg --> westie.gsu.edu /applicantstatusNEW/faq/images gosolar.jpg
2010.06.02 16:18 B W:\applicantstatusNEW\faq\images\gosolar2.jpg --> westie.gsu.edu /applicantstatusNEW/faq/images gosolar2.jpg
2010.06.02 16:18 B W:\applicantstatusNEW\faq\images\index.jpg --> westie.gsu.edu /applicantstatusNEW/faq/images index.jpg
2010.06.02 16:18 B W:\applicantstatusNEW\faq\images\index2.jpg --> westie.gsu.edu /applicantstatusNEW/faq/images index2.jpg
2010.06.02 16:18 B W:\applicantstatusNEW\faq\images\libraries1-core.gif --> westie.gsu.edu /applicantstatusNEW/faq/images libraries1-core.gif
2010.06.02 16:18 B W:\applicantstatusNEW\faq\images\libraries2-core.gif --> westie.gsu.edu /applicantstatusNEW/faq/images libraries2-core.gif
2010.06.02 16:18 B W:\applicantstatusNEW\faq\images\map.jpg --> westie.gsu.edu /applicantstatusNEW/faq/images map.jpg
2010.06.02 16:18 B W:\applicantstatusNEW\faq\images\map2.jpg --> westie.gsu.edu /applicantstatusNEW/faq/images map2.jpg
2010.06.02 16:18 B W:\applicantstatusNEW\faq\images\PAWS.jpg --> westie.gsu.edu /applicantstatusNEW/faq/images PAWS.jpg
2010.06.02 16:18 B W:\applicantstatusNEW\faq\images\PAWS2.jpg --> westie.gsu.edu /applicantstatusNEW/faq/images PAWS2.jpg
2010.06.02 16:18 B W:\applicantstatusNEW\faq\images\webct.jpg --> westie.gsu.edu /applicantstatusNEW/faq/images webct.jpg
2010.06.02 16:18 B W:\applicantstatusNEW\faq\images\webct2.jpg --> westie.gsu.edu /applicantstatusNEW/faq/images webct2.jpg
2010.06.02 16:18 B W:\applicantstatusNEW\faq\images\webmail.jpg --> westie.gsu.edu /applicantstatusNEW/faq/images webmail.jpg
2010.06.02 16:18 B W:\applicantstatusNEW\faq\images\webmail2.jpg --> westie.gsu.edu /applicantstatusNEW/faq/images webmail2.jpg
2010.09.28 12:55 B W:\QA\applicantstatus\faq\images\WS_FTP.LOG <-- westie /applicantstatus/faq/images WS_FTP.LOG
