2009.08.10 17:21 B W:\QA\applicantstatus\faq\admissions\high_school_counselors_FAQ.html <-- westie /applicantstatus/faq/admissions high_school_counselors_FAQ.html
2009.08.10 17:21 B W:\QA\applicantstatus\faq\admissions\high_school_FAQ.html <-- westie /applicantstatus/faq/admissions high_school_FAQ.html
2009.08.10 17:21 B W:\QA\applicantstatus\faq\admissions\high_school_students_FAQ.htm <-- westie /applicantstatus/faq/admissions high_school_students_FAQ.htm
2009.08.10 17:21 B W:\QA\applicantstatus\faq\admissions\hs_counselors_FAQ.html <-- westie /applicantstatus/faq/admissions hs_counselors_FAQ.html
2009.08.10 17:21 B W:\QA\applicantstatus\faq\admissions\index.html <-- westie /applicantstatus/faq/admissions index.html
2009.10.29 16:04 B W:\QA\applicantstatusNEW\faq\admissions\high_school_counselors_FAQ.html --> westie.gsu.edu /applicantstatusNEW/faq/admissions high_school_counselors_FAQ.html
2009.10.29 16:04 B W:\QA\applicantstatusNEW\faq\admissions\high_school_FAQ.html --> westie.gsu.edu /applicantstatusNEW/faq/admissions high_school_FAQ.html
2009.10.29 16:04 B W:\QA\applicantstatusNEW\faq\admissions\high_school_students_FAQ.htm --> westie.gsu.edu /applicantstatusNEW/faq/admissions high_school_students_FAQ.htm
2009.10.29 16:04 B W:\QA\applicantstatusNEW\faq\admissions\hs_counselors_FAQ.html --> westie.gsu.edu /applicantstatusNEW/faq/admissions hs_counselors_FAQ.html
2009.10.29 16:04 B W:\QA\applicantstatusNEW\faq\admissions\index.html --> westie.gsu.edu /applicantstatusNEW/faq/admissions index.html
2010.02.04 13:29 B W:\QA\applicantstatus\faq\admissions\WS_FTP.LOG <-- westie /applicantstatus/faq/admissions WS_FTP.LOG
2010.04.01 16:09 B W:\QA\applicantstatusNEW\faq\admissions\high_school_counselors_FAQ.html --> westie.gsu.edu /applicantstatusNEW/faq/admissions high_school_counselors_FAQ.html
2010.04.01 16:09 B W:\QA\applicantstatusNEW\faq\admissions\high_school_FAQ.html --> westie.gsu.edu /applicantstatusNEW/faq/admissions high_school_FAQ.html
2010.04.01 16:09 B W:\QA\applicantstatusNEW\faq\admissions\high_school_students_FAQ.htm --> westie.gsu.edu /applicantstatusNEW/faq/admissions high_school_students_FAQ.htm
2010.04.01 16:09 B W:\QA\applicantstatusNEW\faq\admissions\hs_counselors_FAQ.html --> westie.gsu.edu /applicantstatusNEW/faq/admissions hs_counselors_FAQ.html
2010.04.01 16:09 B W:\QA\applicantstatusNEW\faq\admissions\index.html --> westie.gsu.edu /applicantstatusNEW/faq/admissions index.html
2010.05.13 13:38 B W:\QA\applicantstatus\faq\admissions\WS_FTP.LOG <-- westie /applicantstatus/faq/admissions WS_FTP.LOG
2010.06.02 16:18 B W:\applicantstatusNEW\faq\admissions\high_school_counselors_FAQ.html --> westie.gsu.edu /applicantstatusNEW/faq/admissions high_school_counselors_FAQ.html
2010.06.02 16:18 B W:\applicantstatusNEW\faq\admissions\high_school_FAQ.html --> westie.gsu.edu /applicantstatusNEW/faq/admissions high_school_FAQ.html
2010.06.02 16:18 B W:\applicantstatusNEW\faq\admissions\high_school_students_FAQ.htm --> westie.gsu.edu /applicantstatusNEW/faq/admissions high_school_students_FAQ.htm
2010.06.02 16:18 B W:\applicantstatusNEW\faq\admissions\hs_counselors_FAQ.html --> westie.gsu.edu /applicantstatusNEW/faq/admissions hs_counselors_FAQ.html
2010.06.02 16:18 B W:\applicantstatusNEW\faq\admissions\index.html --> westie.gsu.edu /applicantstatusNEW/faq/admissions index.html
2010.09.28 12:55 B W:\QA\applicantstatus\faq\admissions\WS_FTP.LOG <-- westie /applicantstatus/faq/admissions WS_FTP.LOG
